<?xml version="1.0" encoding="UTF-8"?>
<!-- Generated by org.testng.reporters.JUnitReportReporter -->
<testsuite skipped="1" hostname="DESKTOP-M8LBSK5" name="testCases_Login.TC_Login" tests="2" failures="0" timestamp="2021-10-02T20:41:20 IST" time="2.588" errors="0">
  <testcase name="testTC_Login_01_Negative" time="2.588" classname="testCases_Login.TC_Login"/>
  <system-out/>
  <testcase name="testTC_Login_02_Negative" classname="testCases_Login.TC_Login">
    <skipped/>
  </testcase> <!-- testTC_Login_02_Negative -->
  <system-out/>
</testsuite> <!-- testCases_Login.TC_Login -->
